[2388:71284:0302/194956.438:WARNING:chrome\browser\extensions\activity_log\activity_log_policy.cc:71] Scheduling init
[2388:71284:0302/194956.438:WARNING:chrome\browser\extensions\activity_log\activity_log_policy.cc:71] Scheduling init
[2388:71284:0302/194956.478:WARNING:components\signin\internal\identity_manager\account_fetcher_service.cc:233] Edge does not support fetching account capabilities
[2388:71284:0302/194956.478:WARNING:components\signin\internal\identity_manager\account_fetcher_service.cc:195] Should not execute: Tests depending on this function may fail
[2388:71284:0302/194956.807:WARNING:chrome\browser\edge_pinned_sites\pinned_sites_cache.cc:256] Cache isn't initialized
[2388:71284:0302/194956.828:WARNING:chrome\browser\edge_pinned_sites\pinned_sites_cache.cc:256] Cache isn't initialized
[2388:71284:0302/194957.314:WARNING:chrome\browser\edge_pinned_sites\pinned_sites_cache.cc:256] Cache isn't initialized
[2388:71284:0302/194957.695:WARNING:chrome\browser\edge_pinned_sites\pinned_sites_cache.cc:256] Cache isn't initialized
[2388:71284:0302/194957.721:WARNING:chrome\browser\edge_pinned_sites\pinned_sites_cache.cc:256] Cache isn't initialized
[2388:71284:0302/194957.995:INFO:CONSOLE:13] "%c true", source: https://img0.didiglobal.com/static/soda_static/supplier-op/app/chunk-vendors-38e908fdf49ba748.js (13)
[2388:71284:0302/194958.111:WARNING:chrome\browser\edge_pinned_sites\pinned_sites_cache.cc:256] Cache isn't initialized
[2388:71284:0302/194958.204:WARNING:chrome\browser\edge_pinned_sites\pinned_sites_cache.cc:256] Cache isn't initialized
[2388:71284:0302/194958.242:INFO:CONSOLE:1] "elvishConfig数据存储成功！", source: https://s3-us01.didiglobal.com/ibt-mobility-fe-static/elvish/1.15.5/index.umd.js (1)
[2388:71284:0302/194958.529:WARNING:chrome\browser\edge_pinned_sites\pinned_sites_cache.cc:256] Cache isn't initialized
[2388:71284:0302/194958.537:INFO:CONSOLE:1] "local pt-BR", source: https://img0.didiglobal.com/static/soda_static/supplier-op/app/js/405.86480859.js (1)
[2388:71284:0302/194958.537:WARNING:chrome\browser\edge_pinned_sites\pinned_sites_cache.cc:256] Cache isn't initialized
[2388:71284:0302/194958.559:INFO:CONSOLE:1] "pt-BR", source: https://img0.didiglobal.com/static/soda_static/supplier-op/app/js/405.86480859.js (1)
[2388:71284:0302/194958.624:INFO:CONSOLE:1] "No favicon link element found, creating new one", source: https://img0.didiglobal.com/static/soda_static/supplier-op/app/js/33.abd0207d.js (1)
[2388:71284:0302/194958.717:INFO:CONSOLE:13] "%c true", source: https://img0.didiglobal.com/static/soda_static/supplier-op/app/chunk-vendors-38e908fdf49ba748.js (13)
[2388:71284:0302/194958.869:INFO:CONSOLE:13] "%c true", source: https://img0.didiglobal.com/static/soda_static/supplier-op/app/chunk-vendors-38e908fdf49ba748.js (13)
[2388:71284:0302/194958.950:WARNING:chrome\browser\edge_pinned_sites\pinned_sites_cache.cc:256] Cache isn't initialized
[2388:71284:0302/194959.061:INFO:CONSOLE:1] "elvishConfig数据存储成功！", source: https://s3-us01.didiglobal.com/ibt-mobility-fe-static/elvish/1.15.5/index.umd.js (1)
[2388:71284:0302/194959.197:INFO:CONSOLE:1] "local pt-BR", source: https://img0.didiglobal.com/static/soda_static/supplier-op/app/js/405.86480859.js (1)
[2388:71284:0302/194959.223:INFO:CONSOLE:1] "pt-BR", source: https://img0.didiglobal.com/static/soda_static/supplier-op/app/js/405.86480859.js (1)
[2388:71284:0302/194959.255:INFO:CONSOLE:1] "No favicon link element found, creating new one", source: https://img0.didiglobal.com/static/soda_static/supplier-op/app/js/33.abd0207d.js (1)
[2388:71284:0302/194959.303:INFO:CONSOLE:13] "%c true", source: https://img0.didiglobal.com/static/soda_static/supplier-op/app/chunk-vendors-38e908fdf49ba748.js (13)
[2388:71284:0302/194959.553:INFO:CONSOLE:13] "%c true", source: https://img0.didiglobal.com/static/soda_static/supplier-op/app/chunk-vendors-38e908fdf49ba748.js (13)
[2388:71284:0302/194959.673:WARNING:chrome\browser\edge_pinned_sites\pinned_sites_cache.cc:256] Cache isn't initialized
[2388:71284:0302/194959.812:WARNING:chrome\browser\edge_pinned_sites\pinned_sites_cache.cc:256] Cache isn't initialized
[2388:71284:0302/194959.817:WARNING:chrome\browser\edge_pinned_sites\pinned_sites_cache.cc:256] Cache isn't initialized
[2388:71284:0302/194959.920:INFO:CONSOLE:13] "%c true", source: https://img0.didiglobal.com/static/soda_static/supplier-op/app/chunk-vendors-38e908fdf49ba748.js (13)
[2388:71284:0302/194959.988:WARNING:chrome\browser\edge_pinned_sites\pinned_sites_cache.cc:256] Cache isn't initialized
[2388:71284:0302/195000.183:INFO:CONSOLE:1] "elvishConfig数据存储成功！", source: https://s3-us01.didiglobal.com/ibt-mobility-fe-static/elvish/1.15.5/index.umd.js (1)
[2388:71284:0302/195000.294:INFO:CONSOLE:1] "local pt-BR", source: https://img0.didiglobal.com/static/soda_static/supplier-op/app/js/405.86480859.js (1)
[2388:71284:0302/195000.315:INFO:CONSOLE:1] "pt-BR", source: https://img0.didiglobal.com/static/soda_static/supplier-op/app/js/405.86480859.js (1)
[2388:71284:0302/195000.337:INFO:CONSOLE:1] "No favicon link element found, creating new one", source: https://img0.didiglobal.com/static/soda_static/supplier-op/app/js/33.abd0207d.js (1)
[2388:71284:0302/195000.374:INFO:CONSOLE:13] "%c true", source: https://img0.didiglobal.com/static/soda_static/supplier-op/app/chunk-vendors-38e908fdf49ba748.js (13)
[2388:71284:0302/195000.574:INFO:CONSOLE:13] "%c true", source: https://img0.didiglobal.com/static/soda_static/supplier-op/app/chunk-vendors-38e908fdf49ba748.js (13)
[2388:71284:0302/195000.715:INFO:CONSOLE:1] "//watermark.didiglobal.com/water/data/getUid?system_id=sailingGattaran&user_id=Alessandro Chistos Simonis &fp_canvas=20260302-sailingGattaran-Alessandro Chistos Simonis -0a283436-5249-47eb-8837-bf2fddecd0eb error
 errmsg:wrong user_id", source: https://tracker.didiglobal.com/static/tracker_global/latest3x/omega.min.js (1)
[2388:71284:0302/195000.721:WARNING:chrome\browser\edge_pinned_sites\pinned_sites_cache.cc:256] Cache isn't initialized
[2388:71284:0302/195000.796:WARNING:chrome\browser\edge_pinned_sites\pinned_sites_cache.cc:256] Cache isn't initialized
[2388:71284:0302/195001.919:WARNING:chrome\browser\edge_pinned_sites\pinned_sites_cache.cc:256] Cache isn't initialized
[2388:71284:0302/195001.923:WARNING:chrome\browser\edge_pinned_sites\pinned_sites_cache.cc:256] Cache isn't initialized
[2388:71284:0302/195001.928:WARNING:chrome\browser\edge_pinned_sites\pinned_sites_cache.cc:256] Cache isn't initialized
[2388:71284:0302/195001.928:WARNING:chrome\browser\edge_pinned_sites\pinned_sites_cache.cc:256] Cache isn't initialized
[2388:71284:0302/195002.205:INFO:CONSOLE:13] "%c true", source: https://img0.didiglobal.com/static/soda_static/supplier-op/app/chunk-vendors-38e908fdf49ba748.js (13)
[2388:71284:0302/195003.637:ERROR:chrome\browser\task_manager\providers\fallback_task_provider.cc:126] Every renderer should have at least one task provided by a primary task provider. If a "Renderer" fallback task is shown, it is a bug. If you have repro steps, please file a new bug and tag it as a dependency of crbug.com/739782.
[16628:67708:0302/195004.056:WARNING:net\extras\sqlite\sqlite_persistent_store_backend_base.cc:180] Failed to post task from FlushAndNotifyInBackground@net\extras\sqlite\sqlite_persistent_store_backend_base.cc:236 to client_task_runner_.
[16628:67708:0302/195004.056:WARNING:net\extras\sqlite\sqlite_persistent_store_backend_base.cc:180] Failed to post task from FlushAndNotifyInBackground@net\extras\sqlite\sqlite_persistent_store_backend_base.cc:236 to client_task_runner_.
